MPASM  5.42                        BUFFER.ASM   4-21-2017  14:49:09         PAGE  1


LOC  OBJECT CODE     LINE SOURCE TEXT
  VALUE

                      00001                                         LIST p=16f877a
                      00002                                         INCLUDE <P16F877A.INC>
                      00001         LIST
                      00002 
                      00003 ;==========================================================================
                      00004 ;  MPASM PIC16F877A processor include
                      00005 ; 
                      00006 ;  (c) Copyright 1999-2011 Microchip Technology, All rights reserved
                      00007 ;==========================================================================
                      00008 
                      00555         LIST
                      00003 
  00000020            00004 buffRegOne                      EQU     0x20
  00000021            00005 buffRegTwo                      EQU     0x21
  00000022            00006 buffRegThree            EQU     0x22
  00000023            00007 buffRegFour                     EQU     0x23
  00000024            00008 buffRegFive                     EQU             0x24
                      00009 
  00000025            00010 mainRegOne                      EQU     0x25
  00000026            00011 mainRegTwo                      EQU     0x26
  00000027            00012 mainRegThree            EQU     0x27
  00000028            00013 mainRegFour                     EQU     0x28
  00000029            00014 mainRegFive                     EQU             0x29
                      00015 
  0000007A            00016 buffStart                       EQU             0x7A
  0000007B            00017 buffNext                        EQU             0x7B
  0000007C            00018 buffEnd                     EQU         0x7C
                      00019 
                      00020 
0000                  00021                                         ORG             0x00
0000   2820           00022                                         goto    main
0020                  00023                                         ORG             0x20
                      00024 
0020   2025           00025 main                            call    initmainreg
0021   202B           00026                                         call    initbuff
0022                  00027 mainone
0022   2034           00028                                         call    storebuff
0023   2028           00029                                         call    incmainreg
0024   2822           00030                                         goto    mainone
                      00031 
                      00032 
                      00033 
                      00034 ;----------------Initial values for circular buffer--------------
                      00035 
0025   3002           00036 initmainreg                     movlw   D'2'
0026   00A5           00037                                         movwf   mainRegOne
0027   0008           00038                                         return
                      00039 
                      00040 ;----------------Increment Main register values----------------------
                      00041 
0028   3002           00042 incmainreg                      movlw   D'2'
0029   07A5           00043                                         addwf   mainRegOne,F
002A   0008           00044                                         return  
MPASM  5.42                        BUFFER.ASM   4-21-2017  14:49:09         PAGE  2


LOC  OBJECT CODE     LINE SOURCE TEXT
  VALUE

                      00045 
                      00046 ;-------------------Circular buffer intialization-----------------
                      00047 
002B   3020           00048 initbuff                        movlw   0x20
002C   00FA           00049                                         movwf   buffStart
                      00050 
002D   3020           00051                                         movlw   0x20
002E   00FB           00052                                         movwf   buffNext
                      00053 
002F   3024           00054                                         movlw   0x24
0030   00FC           00055                                         movwf   buffEnd
                      00056 
0031   087A           00057                                         movf    buffStart,W
0032   0084           00058                                         movwf   FSR
                      00059         
0033   0008           00060                                         return
                      00061 
                      00062 ;-------------------Circular buffer storage-----------------
                      00063 
0034                  00064 storebuff                       
0034   0825           00065                                         movf    mainRegOne,W
0035   0080           00066                                         movwf   INDF
                      00067 
Message[305]: Using default destination of 1 (file).
0036   0AFB           00068                                         incf    buffNext
0037   087B           00069                                         movf    buffNext,W
0038   0084           00070                                         movwf   FSR
                      00071                                         
0039   087B           00072                                         movf    buffNext,W
003A   1103           00073                                         bcf             STATUS,Z
003B   3C25           00074                                         sublw   0x25
003C   1D03           00075                                         btfss   STATUS,Z
003D   0008           00076                                         return
003E   283F           00077                                         goto    buffreset
                      00078 
                      00079                                         
003F   087A           00080 buffreset                       movf    buffStart,W
0040   00FB           00081                                         movwf   buffNext
0041   0084           00082                                         movwf   FSR
                      00083                                         
0042   0008           00084                                         return
                      00085 
                      00086 
                      00087 ;-----------------Program Termination-------------------------
                      00088 
0043                  00089 finish
                      00090                                         END
MPASM  5.42                        BUFFER.ASM   4-21-2017  14:49:09         PAGE  3


SYMBOL TABLE
  LABEL                             VALUE 

ACKDT                             00000005
ACKEN                             00000004
ACKSTAT                           00000006
ADCON0                            0000001F
ADCON1                            0000009F
ADCS0                             00000006
ADCS1                             00000007
ADCS2                             00000006
ADDEN                             00000003
ADFM                              00000007
ADIE                              00000006
ADIF                              00000006
ADON                              00000000
ADRESH                            0000001E
ADRESL                            0000009E
BCLIE                             00000003
BCLIF                             00000003
BF                                00000000
BRGH                              00000002
C                                 00000000
C1INV                             00000004
C1OUT                             00000006
C2INV                             00000005
C2OUT                             00000007
CCP1CON                           00000017
CCP1IE                            00000002
CCP1IF                            00000002
CCP1M0                            00000000
CCP1M1                            00000001
CCP1M2                            00000002
CCP1M3                            00000003
CCP1X                             00000005
CCP1Y                             00000004
CCP2CON                           0000001D
CCP2IE                            00000000
CCP2IF                            00000000
CCP2M0                            00000000
CCP2M1                            00000001
CCP2M2                            00000002
CCP2M3                            00000003
CCP2X                             00000005
CCP2Y                             00000004
CCPR1                             00000015
CCPR1H                            00000016
CCPR1L                            00000015
CCPR2                             0000001B
CCPR2H                            0000001C
CCPR2L                            0000001B
CHS0                              00000003
CHS1                              00000004
CHS2                              00000005
CIS                               00000003
CKE                               00000006
MPASM  5.42                        BUFFER.ASM   4-21-2017  14:49:09         PAGE  4


SYMBOL TABLE
  LABEL                             VALUE 

CKP                               00000004
CM0                               00000000
CM1                               00000001
CM2                               00000002
CMCON                             0000009C
CMIE                              00000006
CMIF                              00000006
CREN                              00000004
CSRC                              00000007
CVR0                              00000000
CVR1                              00000001
CVR2                              00000002
CVR3                              00000003
CVRCON                            0000009D
CVREN                             00000007
CVROE                             00000006
CVRR                              00000005
D                                 00000005
DATA_ADDRESS                      00000005
DC                                00000001
D_A                               00000005
D_NOT_A                           00000005
EEADR                             0000010D
EEADRH                            0000010F
EECON1                            0000018C
EECON2                            0000018D
EEDATA                            0000010C
EEDATH                            0000010E
EEIE                              00000004
EEIF                              00000004
EEPGD                             00000007
F                                 00000001
FERR                              00000002
FSR                               00000004
GCEN                              00000007
GIE                               00000007
GO                                00000002
GO_DONE                           00000002
GO_NOT_DONE                       00000002
I2C_DATA                          00000005
I2C_READ                          00000002
I2C_START                         00000003
I2C_STOP                          00000004
IBF                               00000007
IBOV                              00000005
INDF                              00000000
INTCON                            0000000B
INTE                              00000004
INTEDG                            00000006
INTF                              00000001
IRP                               00000007
NOT_A                             00000005
NOT_ADDRESS                       00000005
MPASM  5.42                        BUFFER.ASM   4-21-2017  14:49:09         PAGE  5


SYMBOL TABLE
  LABEL                             VALUE 

NOT_BO                            00000000
NOT_BOR                           00000000
NOT_DONE                          00000002
NOT_PD                            00000003
NOT_POR                           00000001
NOT_RBPU                          00000007
NOT_RC8                           00000006
NOT_T1SYNC                        00000002
NOT_TO                            00000004
NOT_TX8                           00000006
NOT_W                             00000002
NOT_WRITE                         00000002
OBF                               00000006
OERR                              00000001
OPTION_REG                        00000081
P                                 00000004
PCFG0                             00000000
PCFG1                             00000001
PCFG2                             00000002
PCFG3                             00000003
PCL                               00000002
PCLATH                            0000000A
PCON                              0000008E
PEIE                              00000006
PEN                               00000002
PIE1                              0000008C
PIE2                              0000008D
PIR1                              0000000C
PIR2                              0000000D
PORTA                             00000005
PORTB                             00000006
PORTC                             00000007
PORTD                             00000008
PORTE                             00000009
PR2                               00000092
PS0                               00000000
PS1                               00000001
PS2                               00000002
PSA                               00000003
PSPIE                             00000007
PSPIF                             00000007
PSPMODE                           00000004
R                                 00000002
RA0                               00000000
RA1                               00000001
RA2                               00000002
RA3                               00000003
RA4                               00000004
RA5                               00000005
RB0                               00000000
RB1                               00000001
RB2                               00000002
RB3                               00000003
MPASM  5.42                        BUFFER.ASM   4-21-2017  14:49:09         PAGE  6


SYMBOL TABLE
  LABEL                             VALUE 

RB4                               00000004
RB5                               00000005
RB6                               00000006
RB7                               00000007
RBIE                              00000003
RBIF                              00000000
RC0                               00000000
RC1                               00000001
RC2                               00000002
RC3                               00000003
RC4                               00000004
RC5                               00000005
RC6                               00000006
RC7                               00000007
RC8_9                             00000006
RC9                               00000006
RCD8                              00000000
RCEN                              00000003
RCIE                              00000005
RCIF                              00000005
RCREG                             0000001A
RCSTA                             00000018
RD                                00000000
RD0                               00000000
RD1                               00000001
RD2                               00000002
RD3                               00000003
RD4                               00000004
RD5                               00000005
RD6                               00000006
RD7                               00000007
RE0                               00000000
RE1                               00000001
RE2                               00000002
READ_WRITE                        00000002
RP0                               00000005
RP1                               00000006
RSEN                              00000001
RX9                               00000006
RX9D                              00000000
R_NOT_W                           00000002
R_W                               00000002
S                                 00000003
SEN                               00000000
SMP                               00000007
SPBRG                             00000099
SPEN                              00000007
SREN                              00000005
SSPADD                            00000093
SSPBUF                            00000013
SSPCON                            00000014
SSPCON2                           00000091
SSPEN                             00000005
MPASM  5.42                        BUFFER.ASM   4-21-2017  14:49:09         PAGE  7


SYMBOL TABLE
  LABEL                             VALUE 

SSPIE                             00000003
SSPIF                             00000003
SSPM0                             00000000
SSPM1                             00000001
SSPM2                             00000002
SSPM3                             00000003
SSPOV                             00000006
SSPSTAT                           00000094
STATUS                            00000003
SYNC                              00000004
T0CS                              00000005
T0IE                              00000005
T0IF                              00000002
T0SE                              00000004
T1CKPS0                           00000004
T1CKPS1                           00000005
T1CON                             00000010
T1INSYNC                          00000002
T1OSCEN                           00000003
T1SYNC                            00000002
T2CKPS0                           00000000
T2CKPS1                           00000001
T2CON                             00000012
TMR0                              00000001
TMR0IE                            00000005
TMR0IF                            00000002
TMR1CS                            00000001
TMR1H                             0000000F
TMR1IE                            00000000
TMR1IF                            00000000
TMR1L                             0000000E
TMR1ON                            00000000
TMR2                              00000011
TMR2IE                            00000001
TMR2IF                            00000001
TMR2ON                            00000002
TOUTPS0                           00000003
TOUTPS1                           00000004
TOUTPS2                           00000005
TOUTPS3                           00000006
TRISA                             00000085
TRISA0                            00000000
TRISA1                            00000001
TRISA2                            00000002
TRISA3                            00000003
TRISA4                            00000004
TRISA5                            00000005
TRISB                             00000086
TRISB0                            00000000
TRISB1                            00000001
TRISB2                            00000002
TRISB3                            00000003
TRISB4                            00000004
MPASM  5.42                        BUFFER.ASM   4-21-2017  14:49:09         PAGE  8


SYMBOL TABLE
  LABEL                             VALUE 

TRISB5                            00000005
TRISB6                            00000006
TRISB7                            00000007
TRISC                             00000087
TRISC0                            00000000
TRISC1                            00000001
TRISC2                            00000002
TRISC3                            00000003
TRISC4                            00000004
TRISC5                            00000005
TRISC6                            00000006
TRISC7                            00000007
TRISD                             00000088
TRISD0                            00000000
TRISD1                            00000001
TRISD2                            00000002
TRISD3                            00000003
TRISD4                            00000004
TRISD5                            00000005
TRISD6                            00000006
TRISD7                            00000007
TRISE                             00000089
TRISE0                            00000000
TRISE1                            00000001
TRISE2                            00000002
TRMT                              00000001
TX8_9                             00000006
TX9                               00000006
TX9D                              00000000
TXD8                              00000000
TXEN                              00000005
TXIE                              00000004
TXIF                              00000004
TXREG                             00000019
TXSTA                             00000098
UA                                00000001
W                                 00000000
WCOL                              00000007
WR                                00000001
WREN                              00000002
WRERR                             00000003
Z                                 00000002
_BODEN_OFF                        00003FBF
_BODEN_ON                         00003FFF
_CONFIG                           00002007
_CPD_OFF                          00003FFF
_CPD_ON                           00003EFF
_CP_ALL                           00001FFF
_CP_OFF                           00003FFF
_DEBUG_OFF                        00003FFF
_DEBUG_ON                         000037FF
_DEVID1                           00002006
_HS_OSC                           00003FFE
MPASM  5.42                        BUFFER.ASM   4-21-2017  14:49:09         PAGE  9


SYMBOL TABLE
  LABEL                             VALUE 

_IDLOC0                           00002000
_IDLOC1                           00002001
_IDLOC2                           00002002
_IDLOC3                           00002003
_LP_OSC                           00003FFC
_LVP_OFF                          00003F7F
_LVP_ON                           00003FFF
_PWRTE_OFF                        00003FFF
_PWRTE_ON                         00003FF7
_RC_OSC                           00003FFF
_WDT_OFF                          00003FFB
_WDT_ON                           00003FFF
_WRT_1FOURTH                      00003BFF
_WRT_256                          00003DFF
_WRT_HALF                         000039FF
_WRT_OFF                          00003FFF
_XT_OSC                           00003FFD
__16F877A                         00000001
__DEBUG                           1
buffEnd                           0000007C
buffNext                          0000007B
buffRegFive                       00000024
buffRegFour                       00000023
buffRegOne                        00000020
buffRegThree                      00000022
buffRegTwo                        00000021
buffStart                         0000007A
buffreset                         0000003F
finish                            00000043
incmainreg                        00000028
initbuff                          0000002B
initmainreg                       00000025
main                              00000020
mainRegFive                       00000029
mainRegFour                       00000028
mainRegOne                        00000025
mainRegThree                      00000027
mainRegTwo                        00000026
mainone                           00000022
storebuff                         00000034


MEMORY USAGE MAP ('X' = Used,  '-' = Unused)

0000 : X--------------- ---------------- XXXXXXXXXXXXXXXX XXXXXXXXXXXXXXXX
0040 : XXX------------- ---------------- ---------------- ----------------

All other memory blocks unused.

Program Memory Words Used:    36
Program Memory Words Free:  8156

MPASM  5.42                        BUFFER.ASM   4-21-2017  14:49:09         PAGE 10






Errors   :     0
Warnings :     0 reported,     0 suppressed
Messages :     1 reported,     0 suppressed

